2026-05-10T00:02:54.135+02:00  INFO 14492 --- [eureka] [http-nio-8080-exec-9] c.e.eureka.auth.ApiAuthServiceImpl       : Login pokušaj za korisnika: horeca
2026-05-10T00:02:54.277+02:00  INFO 14492 --- [eureka] [http-nio-8080-exec-9] c.e.eureka.auth.ApiAuthServiceImpl       : Login uspješan za korisnika: horeca
2026-05-10T01:08:58.211+02:00  WARN 14492 --- [eureka] [HikariPool-1:housekeeper] com.zaxxer.hikari.pool.HikariPool        : HikariPool-1 - Thread starvation or clock leap detected (housekeeper delta=52m16s587ms954µs600ns).
2026-05-10T01:09:05.815+02:00  INFO 14492 --- [eureka] [SpringApplicationShutdownHook] o.s.b.w.e.tomcat.GracefulShutdown        : Commencing graceful shutdown. Waiting for active requests to complete
2026-05-10T01:09:05.827+02:00  INFO 14492 --- [eureka] [tomcat-shutdown] o.s.b.w.e.tomcat.GracefulShutdown        : Graceful shutdown complete
2026-05-10T01:09:07.863+02:00  INFO 14492 --- [eureka] [SpringApplicationShutdownHook] com.zaxxer.hikari.HikariDataSource       : HikariPool-1 - Shutdown initiated...
2026-05-10T01:09:07.879+02:00  INFO 14492 --- [eureka] [SpringApplicationShutdownHook] com.zaxxer.hikari.HikariDataSource       : HikariPool-1 - Shutdown completed.
2026-05-10T21:43:31.267+02:00  INFO 19152 --- [eureka] [main] com.example.eureka.EurekaApplication     : Starting EurekaApplication using Java 25.0.2 with PID 19152 (C:\Users\Zdravko\Desktop\eureka\target\classes started by Zdravko in C:\Users\Zdravko\Desktop\eureka)
2026-05-10T21:43:31.295+02:00  INFO 19152 --- [eureka] [main] com.example.eureka.EurekaApplication     : No active profile set, falling back to 1 default profile: "default"
2026-05-10T21:43:35.470+02:00  INFO 19152 --- [eureka] [main] o.s.b.w.embedded.tomcat.TomcatWebServer  : Tomcat initialized with port 8080 (http)
2026-05-10T21:43:35.502+02:00  INFO 19152 --- [eureka] [main] o.apache.catalina.core.StandardService   : Starting service [Tomcat]
2026-05-10T21:43:35.502+02:00  INFO 19152 --- [eureka] [main] o.apache.catalina.core.StandardEngine    : Starting Servlet engine: [Apache Tomcat/10.1.48]
2026-05-10T21:43:35.597+02:00  INFO 19152 --- [eureka] [main] o.a.c.c.C.[Tomcat].[localhost].[/]       : Initializing Spring embedded WebApplicationContext
2026-05-10T21:43:35.597+02:00  INFO 19152 --- [eureka] [main] w.s.c.ServletWebServerApplicationContext : Root WebApplicationContext: initialization completed in 3959 ms
2026-05-10T21:43:36.015+02:00  INFO 19152 --- [eureka] [main] com.zaxxer.hikari.HikariDataSource       : HikariPool-1 - Starting...
2026-05-10T21:43:37.227+02:00  INFO 19152 --- [eureka] [main] com.zaxxer.hikari.pool.HikariPool        : HikariPool-1 - Added connection com.mysql.cj.jdbc.ConnectionImpl@5635bcd2
2026-05-10T21:43:37.227+02:00  INFO 19152 --- [eureka] [main] com.zaxxer.hikari.HikariDataSource       : HikariPool-1 - Start completed.
2026-05-10T21:43:37.291+02:00  INFO 19152 --- [eureka] [main] org.flywaydb.core.FlywayExecutor         : Database: jdbc:mysql://localhost:3306/ordy (MySQL 8.0)
2026-05-10T21:43:37.434+02:00  INFO 19152 --- [eureka] [main] o.f.core.internal.command.DbValidate     : Successfully validated 6 migrations (execution time 00:00.083s)
2026-05-10T21:43:37.489+02:00  INFO 19152 --- [eureka] [main] o.f.core.internal.command.DbMigrate      : Current version of schema `ordy`: 6
2026-05-10T21:43:37.497+02:00  INFO 19152 --- [eureka] [main] o.f.core.internal.command.DbMigrate      : Schema `ordy` is up to date. No migration necessary.
2026-05-10T21:43:39.625+02:00  INFO 19152 --- [eureka] [main] r$InitializeUserDetailsManagerConfigurer : Global AuthenticationManager configured with UserDetailsService bean with name customUserDetailsService
2026-05-10T21:43:41.434+02:00  INFO 19152 --- [eureka] [main] o.s.b.w.embedded.tomcat.TomcatWebServer  : Tomcat started on port 8080 (http) with context path '/'
2026-05-10T21:43:41.456+02:00  INFO 19152 --- [eureka] [main] com.example.eureka.EurekaApplication     : Started EurekaApplication in 11.375 seconds (process running for 28.718)
2026-05-10T21:44:30.432+02:00  INFO 19152 --- [eureka] [http-nio-8080-exec-2] o.a.c.c.C.[Tomcat].[localhost].[/]       : Initializing Spring DispatcherServlet 'dispatcherServlet'
2026-05-10T21:44:30.432+02:00  INFO 19152 --- [eureka] [http-nio-8080-exec-2] o.s.web.servlet.DispatcherServlet        : Initializing Servlet 'dispatcherServlet'
2026-05-10T21:44:30.432+02:00  INFO 19152 --- [eureka] [http-nio-8080-exec-2] o.s.web.servlet.DispatcherServlet        : Completed initialization in 0 ms
2026-05-10T21:45:41.475+02:00  INFO 19152 --- [eureka] [scheduling-1] c.e.eureka.invoice.InvoiceSyncScheduler  : Scheduled sync pokrenut — 2 kompanija
2026-05-10T21:45:41.479+02:00  INFO 19152 --- [eureka] [task-2] c.e.e.merInvoices.MerInvoiceServiceImpl  : Sync novih računa — companyId: 1
2026-05-10T21:45:41.479+02:00  INFO 19152 --- [eureka] [task-1] c.e.e.merInvoices.MerInvoiceServiceImpl  : Sync novih računa — companyId: 2
2026-05-10T21:45:41.479+02:00  INFO 19152 --- [eureka] [task-1] c.e.e.merInvoices.MerInvoiceServiceImpl  : Sync — max poznati externalDocumentId: 147219163 za companyId: 2
2026-05-10T21:45:41.479+02:00  INFO 19152 --- [eureka] [task-2] c.e.e.merInvoices.MerInvoiceServiceImpl  : Sync — max poznati externalDocumentId: 147219163 za companyId: 1
2026-05-10T21:45:41.496+02:00  INFO 19152 --- [eureka] [task-1] c.e.eureka.merInvoices.MerTokenProvider  : MER token istekao za kompaniju: 2, refresham...
2026-05-10T21:45:41.496+02:00  INFO 19152 --- [eureka] [task-2] c.e.eureka.merInvoices.MerTokenProvider  : MER token istekao za kompaniju: 1, refresham...
2026-05-10T21:45:41.496+02:00  INFO 19152 --- [eureka] [task-1] c.e.eureka.merAuth.MerAuthServiceImpl    : MER login pokušaj za kompaniju: 2
2026-05-10T21:45:41.496+02:00  INFO 19152 --- [eureka] [task-2] c.e.eureka.merAuth.MerAuthServiceImpl    : MER login pokušaj za kompaniju: 1
2026-05-10T21:45:42.839+02:00  INFO 19152 --- [eureka] [task-1] c.e.eureka.merAuth.MerAuthServiceImpl    : MER login uspješan za kompaniju: 2, token ističe: 2026-05-10T20:15:43.425953200
2026-05-10T21:45:42.854+02:00  INFO 19152 --- [eureka] [task-1] c.e.eureka.merInvoices.MerTokenProvider  : MER token refreshan za kompaniju: 2
2026-05-10T21:45:42.854+02:00  INFO 19152 --- [eureka] [task-1] c.e.e.merInvoices.MerInvoiceServiceImpl  : Pozivam MER searchReceived — companyId: 2, page: 1
2026-05-10T21:45:42.854+02:00  INFO 19152 --- [eureka] [task-2] c.e.eureka.merAuth.MerAuthServiceImpl    : MER login uspješan za kompaniju: 1, token ističe: 2026-05-10T20:15:43.424553300
2026-05-10T21:45:42.854+02:00  INFO 19152 --- [eureka] [task-2] c.e.eureka.merInvoices.MerTokenProvider  : MER token refreshan za kompaniju: 1
2026-05-10T21:45:42.854+02:00  INFO 19152 --- [eureka] [task-2] c.e.e.merInvoices.MerInvoiceServiceImpl  : Pozivam MER searchReceived — companyId: 1, page: 1
2026-05-10T21:45:43.134+02:00  INFO 19152 --- [eureka] [task-1] c.e.e.merInvoices.MerInvoiceServiceImpl  : MER searchReceived vratio 133 računa
2026-05-10T21:45:43.134+02:00  INFO 19152 --- [eureka] [task-2] c.e.e.merInvoices.MerInvoiceServiceImpl  : MER searchReceived vratio 133 računa
2026-05-10T21:45:43.134+02:00  INFO 19152 --- [eureka] [task-1] c.e.e.merInvoices.MerInvoiceServiceImpl  : First sync — MER vratio ukupno 133 računa za kompaniju: 2
2026-05-10T21:45:43.134+02:00  INFO 19152 --- [eureka] [task-2] c.e.e.merInvoices.MerInvoiceServiceImpl  : First sync — MER vratio ukupno 133 računa za kompaniju: 1
2026-05-10T21:45:43.134+02:00  INFO 19152 --- [eureka] [task-2] c.e.e.merInvoices.MerInvoiceServiceImpl  : Sync — ukupno s MER-a: 133, za download: 5
2026-05-10T21:45:43.134+02:00  INFO 19152 --- [eureka] [task-1] c.e.e.merInvoices.MerInvoiceServiceImpl  : Sync — ukupno s MER-a: 133, za download: 5
2026-05-10T21:45:43.134+02:00  INFO 19152 --- [eureka] [task-1] c.e.e.merInvoices.MerInvoiceServiceImpl  : Download XML računa — companyId: 2, documentId: 147977427
2026-05-10T21:45:43.134+02:00  INFO 19152 --- [eureka] [task-2] c.e.e.merInvoices.MerInvoiceServiceImpl  : Download XML računa — companyId: 1, documentId: 147977427
2026-05-10T21:45:44.021+02:00  WARN 19152 --- [eureka] [task-1] c.e.e.merInvoices.MerInvoiceServiceImpl  : XML parsiran ali invoice skiped (blocked supplier) — documentId: 147977427
2026-05-10T21:45:44.021+02:00  WARN 19152 --- [eureka] [task-2] c.e.e.merInvoices.MerInvoiceServiceImpl  : XML parsiran ali invoice skiped (blocked supplier) — documentId: 147977427
2026-05-10T21:45:44.043+02:00  INFO 19152 --- [eureka] [task-2] c.e.e.merInvoices.MerInvoiceServiceImpl  : Download XML računa — companyId: 1, documentId: 147973535
2026-05-10T21:45:44.043+02:00  INFO 19152 --- [eureka] [task-1] c.e.e.merInvoices.MerInvoiceServiceImpl  : Download XML računa — companyId: 2, documentId: 147973535
2026-05-10T21:45:44.502+02:00  WARN 19152 --- [eureka] [task-2] c.e.e.merInvoices.MerInvoiceServiceImpl  : XML parsiran ali invoice skiped (blocked supplier) — documentId: 147973535
2026-05-10T21:45:44.506+02:00  INFO 19152 --- [eureka] [task-2] c.e.e.merInvoices.MerInvoiceServiceImpl  : Download XML računa — companyId: 1, documentId: 147631424
2026-05-10T21:45:44.519+02:00  WARN 19152 --- [eureka] [task-1] c.e.e.merInvoices.MerInvoiceServiceImpl  : XML parsiran ali invoice skiped (blocked supplier) — documentId: 147973535
2026-05-10T21:45:44.519+02:00  INFO 19152 --- [eureka] [task-1] c.e.e.merInvoices.MerInvoiceServiceImpl  : Download XML računa — companyId: 2, documentId: 147631424
2026-05-10T21:45:44.893+02:00  WARN 19152 --- [eureka] [task-2] c.e.e.merInvoices.MerInvoiceServiceImpl  : XML parsiran ali invoice skiped (blocked supplier) — documentId: 147631424
2026-05-10T21:45:44.897+02:00  INFO 19152 --- [eureka] [task-2] c.e.e.merInvoices.MerInvoiceServiceImpl  : Download XML računa — companyId: 1, documentId: 147458243
2026-05-10T21:45:44.932+02:00  WARN 19152 --- [eureka] [task-1] c.e.e.merInvoices.MerInvoiceServiceImpl  : XML parsiran ali invoice skiped (blocked supplier) — documentId: 147631424
2026-05-10T21:45:44.932+02:00  INFO 19152 --- [eureka] [task-1] c.e.e.merInvoices.MerInvoiceServiceImpl  : Download XML računa — companyId: 2, documentId: 147458243
2026-05-10T21:45:45.242+02:00  WARN 19152 --- [eureka] [task-2] c.e.e.merInvoices.MerInvoiceServiceImpl  : XML parsiran ali invoice skiped (blocked supplier) — documentId: 147458243
2026-05-10T21:45:45.244+02:00  INFO 19152 --- [eureka] [task-2] c.e.e.merInvoices.MerInvoiceServiceImpl  : Download XML računa — companyId: 1, documentId: 147411375
2026-05-10T21:45:45.283+02:00  WARN 19152 --- [eureka] [task-1] c.e.e.merInvoices.MerInvoiceServiceImpl  : XML parsiran ali invoice skiped (blocked supplier) — documentId: 147458243
2026-05-10T21:45:45.283+02:00  INFO 19152 --- [eureka] [task-1] c.e.e.merInvoices.MerInvoiceServiceImpl  : Download XML računa — companyId: 2, documentId: 147411375
2026-05-10T21:45:45.563+02:00  WARN 19152 --- [eureka] [task-2] c.e.e.merInvoices.MerInvoiceServiceImpl  : XML parsiran ali invoice skiped (blocked supplier) — documentId: 147411375
2026-05-10T21:45:45.578+02:00  INFO 19152 --- [eureka] [task-2] c.e.e.merInvoices.MerInvoiceServiceImpl  : Sync završen — companyId: 1, importano: 5, greške: 0
2026-05-10T21:45:45.594+02:00  WARN 19152 --- [eureka] [task-1] c.e.e.merInvoices.MerInvoiceServiceImpl  : XML parsiran ali invoice skiped (blocked supplier) — documentId: 147411375
2026-05-10T21:45:45.614+02:00  INFO 19152 --- [eureka] [task-1] c.e.e.merInvoices.MerInvoiceServiceImpl  : Sync završen — companyId: 2, importano: 5, greške: 0
2026-05-10T21:51:45.110+02:00  INFO 19152 --- [eureka] [http-nio-8080-exec-4] c.e.eureka.auth.ApiAuthServiceImpl       : Login pokušaj za korisnika: horeca
2026-05-10T21:51:45.276+02:00  INFO 19152 --- [eureka] [http-nio-8080-exec-4] c.e.eureka.auth.ApiAuthServiceImpl       : Login uspješan za korisnika: horeca
2026-05-10T21:56:46.650+02:00  INFO 19152 --- [eureka] [http-nio-8080-exec-1] c.e.eureka.auth.ApiAuthServiceImpl       : Login pokušaj za korisnika: horeca
2026-05-10T21:56:46.760+02:00  INFO 19152 --- [eureka] [http-nio-8080-exec-1] c.e.eureka.auth.ApiAuthServiceImpl       : Login uspješan za korisnika: horeca
2026-05-10T21:58:34.668+02:00  INFO 19152 --- [eureka] [http-nio-8080-exec-5] c.e.eureka.auth.ApiAuthServiceImpl       : Login pokušaj za korisnika: horeca
2026-05-10T21:58:34.812+02:00  INFO 19152 --- [eureka] [http-nio-8080-exec-5] c.e.eureka.auth.ApiAuthServiceImpl       : Login uspješan za korisnika: horeca
2026-05-10T22:02:30.527+02:00  INFO 19152 --- [eureka] [SpringApplicationShutdownHook] o.s.b.w.e.tomcat.GracefulShutdown        : Commencing graceful shutdown. Waiting for active requests to complete
2026-05-10T22:02:30.553+02:00  INFO 19152 --- [eureka] [tomcat-shutdown] o.s.b.w.e.tomcat.GracefulShutdown        : Graceful shutdown complete
2026-05-10T22:02:32.592+02:00  INFO 19152 --- [eureka] [SpringApplicationShutdownHook] com.zaxxer.hikari.HikariDataSource       : HikariPool-1 - Shutdown initiated...
2026-05-10T22:02:32.597+02:00  INFO 19152 --- [eureka] [SpringApplicationShutdownHook] com.zaxxer.hikari.HikariDataSource       : HikariPool-1 - Shutdown completed.
